[debug] [2024-03-10T19:56:17.739Z] ----------------------------------------------------------------------
[debug] [2024-03-10T19:56:17.741Z] Command:       C:\Program Files\nodejs\node.exe C:\Users\anees\AppData\Roaming\npm\node_modules\firebase-tools\lib\bin\firebase.js init
[debug] [2024-03-10T19:56:17.741Z] CLI Version:   13.4.1
[debug] [2024-03-10T19:56:17.742Z] Platform:      win32
[debug] [2024-03-10T19:56:17.742Z] Node Version:  v20.9.0
[debug] [2024-03-10T19:56:17.742Z] Time:          Mon Mar 11 2024 01:26:17 GMT+0530 (India Standard Time)
[debug] [2024-03-10T19:56:17.742Z] ----------------------------------------------------------------------
[debug] 
[debug] [2024-03-10T19:56:17.747Z] > command requires scopes: ["email","openid","https://www.googleapis.com/auth/cloudplatformprojects.readonly","https://www.googleapis.com/auth/firebase","https://www.googleapis.com/auth/cloud-platform"]
[debug] [2024-03-10T19:56:17.748Z] > authorizing via signed-in user (aneesh.1805010@srec.ac.in)
[info] 
     ######## #### ########  ######## ########     ###     ######  ########
     ##        ##  ##     ## ##       ##     ##  ##   ##  ##       ##
     ######    ##  ########  ######   ########  #########  ######  ######
     ##        ##  ##    ##  ##       ##     ## ##     ##       ## ##
     ##       #### ##     ## ######## ########  ##     ##  ######  ########

You're about to initialize a Firebase project in this directory:

  C:\portfolio

Before we get started, keep in mind:

  * You are currently outside your home directory

[info] 
=== Project Setup
[info] 
[info] First, let's associate this project directory with a Firebase project.
[info] You can create multiple project aliases by running firebase use --add, 
[info] but for now we'll just set up a default project.
[info] 
[debug] [2024-03-10T19:56:30.497Z] > refreshing access token with scopes: []
[debug] [2024-03-10T19:56:30.505Z] >>> [apiv2][query] POST https://www.googleapis.com/oauth2/v3/token [none]
[debug] [2024-03-10T19:56:30.505Z] >>> [apiv2][body] POST https://www.googleapis.com/oauth2/v3/token [omitted]
[debug] [2024-03-10T19:56:30.888Z] <<< [apiv2][status] POST https://www.googleapis.com/oauth2/v3/token 200
[debug] [2024-03-10T19:56:30.888Z] <<< [apiv2][body] POST https://www.googleapis.com/oauth2/v3/token [omitted]
[debug] [2024-03-10T19:56:30.916Z] >>> [apiv2][query] GET https://firebase.googleapis.com/v1beta1/projects pageSize=100
[debug] [2024-03-10T19:56:31.606Z] <<< [apiv2][status] GET https://firebase.googleapis.com/v1beta1/projects 200
[debug] [2024-03-10T19:56:31.607Z] <<< [apiv2][body] GET https://firebase.googleapis.com/v1beta1/projects [omitted]
[info] i  Using project portfolio-13fd1 (Portfolio) 
[info] 
=== Hosting Setup
[debug] [2024-03-10T19:56:35.360Z] >>> [apiv2][query] GET https://firebase.googleapis.com/v1beta1/projects/portfolio-13fd1 [none]
[debug] [2024-03-10T19:56:35.876Z] <<< [apiv2][status] GET https://firebase.googleapis.com/v1beta1/projects/portfolio-13fd1 200
[debug] [2024-03-10T19:56:35.877Z] <<< [apiv2][body] GET https://firebase.googleapis.com/v1beta1/projects/portfolio-13fd1 {"projectId":"portfolio-13fd1","projectNumber":"490812427674","displayName":"Portfolio","name":"projects/portfolio-13fd1","resources":{"hostingSite":"portfolio-13fd1","storageBucket":"portfolio-13fd1.appspot.com","locationId":"asia-southeast1"},"state":"ACTIVE","etag":"1_a4647a10-cb1e-4391-89d8-ee589ace5d6a"}
[info] 
[info] Your public directory is the folder (relative to your project directory) that
[info] will contain Hosting assets to be uploaded with firebase deploy. If you
[info] have a build process for your assets, use your build's output directory.
[info] 
[debug] [2024-03-10T19:57:57.805Z] >>> [apiv2][query] GET https://www.gstatic.com/firebasejs/releases.json [none]
[debug] [2024-03-10T19:57:57.956Z] <<< [apiv2][status] GET https://www.gstatic.com/firebasejs/releases.json 200
[debug] [2024-03-10T19:57:57.957Z] <<< [apiv2][body] GET https://www.gstatic.com/firebasejs/releases.json {"current":{"version":"10.8.1","browserURL":"https://www.gstatic.com/firebasejs/10.8.1/firebase.js","packageURL":"https://www.gstatic.com/firebasejs/10.8.1/firebase.tgz"},"live":{"version":"10.8","browserURL":"https://www.gstatic.com/firebasejs/live/10.8/firebase.js","packageURL":"https://www.gstatic.com/firebasejs/live/10.8/firebase.tgz"},"components":{"analytics":"https://www.gstatic.com/firebasejs/10.8.1/firebase-analytics.js","app":"https://www.gstatic.com/firebasejs/10.8.1/firebase-app.js","app-check":"https://www.gstatic.com/firebasejs/10.8.1/firebase-app-check.js","auth":"https://www.gstatic.com/firebasejs/10.8.1/firebase-auth.js","auth/cordova":"https://www.gstatic.com/firebasejs/10.8.1/firebase-auth/cordova.js","auth/web-extension":"https://www.gstatic.com/firebasejs/10.8.1/firebase-auth/web-extension.js","functions":"https://www.gstatic.com/firebasejs/10.8.1/firebase-functions.js","firestore":"https://www.gstatic.com/firebasejs/10.8.1/firebase-firestore.js","firestore/lite":"https://www.gstatic.com/firebasejs/10.8.1/firebase-firestore/lite.js","installations":"https://www.gstatic.com/firebasejs/10.8.1/firebase-installations.js","storage":"https://www.gstatic.com/firebasejs/10.8.1/firebase-storage.js","performance":"https://www.gstatic.com/firebasejs/10.8.1/firebase-performance.js","remote-config":"https://www.gstatic.com/firebasejs/10.8.1/firebase-remote-config.js","messaging":"https://www.gstatic.com/firebasejs/10.8.1/firebase-messaging.js","messaging/sw":"https://www.gstatic.com/firebasejs/10.8.1/firebase-messaging/sw.js","database":"https://www.gstatic.com/firebasejs/10.8.1/firebase-database.js","firestore.memory":"https://www.gstatic.com/firebasejs/10.8.1/firebase-firestore.memory.js"}}
[info] +  Wrote src/appcomponent.html/index.html 
[info] 
[info] i  Detected a .git folder at C:\portfolio 
[info] i  Authorizing with GitHub to upload your service account to a GitHub repository's secrets store. 
[info] 
[info] Visit this URL on this device to log in:
[info] https://github.com/login/oauth/authorize?client_id=89cf50f02ac6aaed3484&state=798295065&redirect_uri=http%3A%2F%2Flocalhost%3A9005&scope=read%3Auser%20repo%20public_repo
[info] 
[info] Waiting for authentication...
[debug] [2024-03-10T19:58:11.673Z] >>> [apiv2][query] POST https://github.com/login/oauth/access_token [none]
[debug] [2024-03-10T19:58:11.674Z] >>> [apiv2][body] POST https://github.com/login/oauth/access_token [stream]
[debug] [2024-03-10T19:58:12.107Z] <<< [apiv2][status] POST https://github.com/login/oauth/access_token 200
[debug] [2024-03-10T19:58:12.108Z] <<< [apiv2][body] POST https://github.com/login/oauth/access_token {"access_token":"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","token_type":"bearer","scope":"read:user,repo"}
[debug] [2024-03-10T19:58:12.132Z] >>> [apiv2][query] GET https://api.github.com/user [none]
[debug] [2024-03-10T19:58:12.640Z] <<< [apiv2][status] GET https://api.github.com/user 200
[debug] [2024-03-10T19:58:12.640Z] <<< [apiv2][body] GET https://api.github.com/user {"login":"Aneesh0631","id":101163524,"node_id":"U_kgDOBgeiBA","avatar_url":"https://avatars.githubusercontent.com/u/101163524?v=4","gravatar_id":"","url":"https://api.github.com/users/Aneesh0631","html_url":"https://github.com/Aneesh0631","followers_url":"https://api.github.com/users/Aneesh0631/followers","following_url":"https://api.github.com/users/Aneesh0631/following{/other_user}","gists_url":"https://api.github.com/users/Aneesh0631/gists{/gist_id}","starred_url":"https://api.github.com/users/Aneesh0631/starred{/owner}{/repo}","subscriptions_url":"https://api.github.com/users/Aneesh0631/subscriptions","organizations_url":"https://api.github.com/users/Aneesh0631/orgs","repos_url":"https://api.github.com/users/Aneesh0631/repos","events_url":"https://api.github.com/users/Aneesh0631/events{/privacy}","received_events_url":"https://api.github.com/users/Aneesh0631/received_events","type":"User","site_admin":false,"name":null,"company":null,"blog":"","location":null,"email":null,"hireable":null,"bio":null,"twitter_username":null,"public_repos":12,"public_gists":0,"followers":1,"following":0,"created_at":"2022-03-08T04:36:26Z","updated_at":"2024-02-21T09:09:26Z","private_gists":0,"total_private_repos":4,"owned_private_repos":4,"disk_usage":34631,"collaborators":4,"two_factor_authentication":false,"plan":{"name":"free","space":976562499,"collaborators":0,"private_repos":10000}}
[info] 
[info] +  Success! Logged into GitHub as Aneesh0631 
[info] 
